\BOOKMARK [1][-]{Doc-Start}{\376\377\000S\000E\000C\000T\000I\000O\000N\000\040\0001\000:\000\040\000P\000R\000O\000J\000E\000C\000T\000\040\000I\000N\000T\000R\000O\000D\000U\000C\000T\000I\000O\000N\000\040\000A\000N\000D\000\040\000C\000O\000N\000T\000E\000X\000T}{}% 1
\BOOKMARK [1][-]{section.1}{\376\377\000P\000R\000O\000J\000E\000C\000T\000\040\000I\000N\000T\000R\000O\000D\000U\000C\000T\000I\000O\000N\000\040\000A\000N\000D\000\040\000C\000O\000N\000T\000E\000X\000T}{}% 2
\BOOKMARK [2][-]{subsection.1.1}{\376\377\000C\000u\000l\000t\000u\000r\000a\000l\000\040\000a\000n\000d\000\040\000E\000n\000v\000i\000r\000o\000n\000m\000e\000n\000t\000a\000l\000\040\000C\000r\000i\000s\000i\000s}{section.1}% 3
\BOOKMARK [2][-]{subsection.1.2}{\376\377\000D\000i\000g\000i\000t\000a\000l\000\040\000P\000r\000e\000s\000e\000r\000v\000a\000t\000i\000o\000n\000\040\000a\000s\000\040\000C\000u\000l\000t\000u\000r\000a\000l\000\040\000R\000e\000v\000i\000t\000a\000l\000i\000z\000a\000t\000i\000o\000n}{section.1}% 4
\BOOKMARK [2][-]{subsection.1.3}{\376\377\000R\000e\000s\000e\000a\000r\000c\000h\000\040\000S\000i\000g\000n\000i\000f\000i\000c\000a\000n\000c\000e\000\040\000a\000n\000d\000\040\000I\000n\000n\000o\000v\000a\000t\000i\000o\000n}{section.1}% 5
\BOOKMARK [2][-]{subsection.1.4}{\376\377\000C\000o\000m\000m\000u\000n\000i\000t\000y\000-\000C\000e\000n\000t\000e\000r\000e\000d\000\040\000M\000e\000t\000h\000o\000d\000o\000l\000o\000g\000y}{section.1}% 6
\BOOKMARK [2][-]{subsection.1.5}{\376\377\000P\000r\000o\000j\000e\000c\000t\000\040\000S\000c\000o\000p\000e\000\040\000a\000n\000d\000\040\000O\000b\000j\000e\000c\000t\000i\000v\000e\000s}{section.1}% 7
\BOOKMARK [1][-]{subsection.1.5}{\376\377\000S\000E\000C\000T\000I\000O\000N\000\040\0002\000:\000\040\000O\000R\000G\000A\000N\000I\000Z\000A\000T\000I\000O\000N\000A\000L\000\040\000C\000O\000N\000T\000E\000X\000T\000\040\000A\000N\000D\000\040\000W\000O\000R\000K\000\040\000E\000N\000V\000I\000R\000O\000N\000M\000E\000N\000T}{}% 8
\BOOKMARK [1][-]{section.2}{\376\377\000O\000R\000G\000A\000N\000I\000Z\000A\000T\000I\000O\000N\000A\000L\000\040\000C\000O\000N\000T\000E\000X\000T\000\040\000A\000N\000D\000\040\000W\000O\000R\000K\000\040\000E\000N\000V\000I\000R\000O\000N\000M\000E\000N\000T}{}% 9
\BOOKMARK [2][-]{subsection.2.1}{\376\377\000P\000r\000i\000m\000a\000r\000y\000\040\000I\000n\000s\000t\000i\000t\000u\000t\000i\000o\000n\000a\000l\000\040\000F\000r\000a\000m\000e\000w\000o\000r\000k}{section.2}% 10
\BOOKMARK [3][-]{subsubsection.2.1.1}{\376\377\000T\000h\000e\000\040\000U\000n\000i\000v\000e\000r\000s\000i\000t\000y\000\040\000o\000f\000\040\000W\000a\000i\000k\000a\000t\000o\000\040\000-\000\040\000A\000c\000a\000d\000e\000m\000i\000c\000\040\000F\000o\000u\000n\000d\000a\000t\000i\000o\000n}{subsection.2.1}% 11
\BOOKMARK [3][-]{subsubsection.2.1.2}{\376\377\000S\000u\000p\000e\000r\000v\000i\000s\000i\000o\000n\000\040\000a\000n\000d\000\040\000A\000c\000a\000d\000e\000m\000i\000c\000\040\000G\000o\000v\000e\000r\000n\000a\000n\000c\000e}{subsection.2.1}% 12
\BOOKMARK [2][-]{subsection.2.2}{\376\377\000C\000o\000m\000m\000u\000n\000i\000t\000y\000\040\000S\000t\000a\000k\000e\000h\000o\000l\000d\000e\000r\000\040\000O\000r\000g\000a\000n\000i\000z\000a\000t\000i\000o\000n\000s}{section.2}% 13
\BOOKMARK [3][-]{subsubsection.2.2.1}{\376\377\000P\000r\000i\000m\000a\000r\000y\000\040\000C\000u\000l\000t\000u\000r\000a\000l\000\040\000A\000u\000t\000h\000o\000r\000i\000t\000y\000\040\000-\000\040\000G\000l\000e\000n\000\040\000T\000u\000p\000u\000h\000i\000\040\000a\000n\000d\000\040\000A\000s\000s\000o\000c\000i\000a\000t\000e\000d\000\040\000N\000e\000t\000w\000o\000r\000k\000s}{subsection.2.2}% 14
\BOOKMARK [3][-]{subsubsection.2.2.2}{\376\377\000R\000e\000g\000i\000o\000n\000a\000l\000\040\000G\000o\000v\000e\000r\000n\000m\000e\000n\000t\000\040\000P\000a\000r\000t\000n\000e\000r\000s\000h\000i\000p}{subsection.2.2}% 15
\BOOKMARK [3][-]{subsubsection.2.2.3}{\376\377\000L\000o\000c\000a\000l\000\040\000I\000w\000i\000\040\000P\000a\000r\000t\000n\000e\000r\000s\000h\000i\000p\000\040\000S\000t\000r\000u\000c\000t\000u\000r\000e}{subsection.2.2}% 16
\BOOKMARK [2][-]{subsection.2.3}{\376\377\000C\000o\000l\000l\000a\000b\000o\000r\000a\000t\000i\000v\000e\000\040\000W\000o\000r\000k\000\040\000E\000n\000v\000i\000r\000o\000n\000m\000e\000n\000t\000\040\000a\000n\000d\000\040\000M\000e\000t\000h\000o\000d\000o\000l\000o\000g\000y}{section.2}% 17
\BOOKMARK [3][-]{subsubsection.2.3.1}{\376\377\000A\000g\000i\000l\000e\000\040\000D\000e\000v\000e\000l\000o\000p\000m\000e\000n\000t\000\040\000F\000r\000a\000m\000e\000w\000o\000r\000k}{subsection.2.3}% 18
\BOOKMARK [3][-]{subsubsection.2.3.2}{\376\377\000C\000o\000m\000m\000u\000n\000i\000t\000y\000\040\000C\000o\000n\000s\000u\000l\000t\000a\000t\000i\000o\000n\000\040\000I\000n\000t\000e\000g\000r\000a\000t\000i\000o\000n}{subsection.2.3}% 19
\BOOKMARK [2][-]{subsection.2.4}{\376\377\000I\000n\000s\000t\000i\000t\000u\000t\000i\000o\000n\000a\000l\000\040\000R\000e\000s\000o\000u\000r\000c\000e\000s\000\040\000a\000n\000d\000\040\000I\000n\000f\000r\000a\000s\000t\000r\000u\000c\000t\000u\000r\000e}{section.2}% 20
\BOOKMARK [3][-]{subsubsection.2.4.1}{\376\377\000T\000e\000c\000h\000n\000i\000c\000a\000l\000\040\000I\000n\000f\000r\000a\000s\000t\000r\000u\000c\000t\000u\000r\000e}{subsection.2.4}% 21
\BOOKMARK [3][-]{subsubsection.2.4.2}{\376\377\000A\000c\000a\000d\000e\000m\000i\000c\000\040\000a\000n\000d\000\040\000C\000u\000l\000t\000u\000r\000a\000l\000\040\000R\000e\000s\000o\000u\000r\000c\000e\000s}{subsection.2.4}% 22
\BOOKMARK [2][-]{subsection.2.5}{\376\377\000Q\000u\000a\000l\000i\000t\000y\000\040\000A\000s\000s\000u\000r\000a\000n\000c\000e\000\040\000a\000n\000d\000\040\000E\000t\000h\000i\000c\000a\000l\000\040\000F\000r\000a\000m\000e\000w\000o\000r\000k}{section.2}% 23
\BOOKMARK [1][-]{subsection.2.5}{\376\377\000S\000E\000C\000T\000I\000O\000N\000\040\0003\000:\000\040\000P\000R\000O\000J\000E\000C\000T\000\040\000D\000E\000S\000C\000R\000I\000P\000T\000I\000O\000N\000\040\000A\000N\000D\000\040\000B\000A\000C\000K\000G\000R\000O\000U\000N\000D\000\040\000K\000N\000O\000W\000L\000E\000D\000G\000E}{}% 24
\BOOKMARK [2][-]{section*.1}{\376\377\0003\000.\0001\000\040\000L\000i\000t\000e\000r\000a\000t\000u\000r\000e\000\040\000R\000e\000v\000i\000e\000w\000\040\000a\000n\000d\000\040\000B\000a\000c\000k\000g\000r\000o\000u\000n\000d\000\040\000K\000n\000o\000w\000l\000e\000d\000g\000e}{subsection.2.5}% 25
\BOOKMARK [2][-]{section*.1}{\376\377\0003\000.\0002\000\040\000P\000r\000o\000j\000e\000c\000t\000\040\000G\000o\000a\000l\000s\000\040\000a\000n\000d\000\040\000O\000b\000j\000e\000c\000t\000i\000v\000e\000s}{subsection.2.5}% 26
\BOOKMARK [2][-]{section*.1}{\376\377\0003\000.\0003\000\040\000D\000e\000v\000e\000l\000o\000p\000m\000e\000n\000t\000\040\000M\000e\000t\000h\000o\000d\000o\000l\000o\000g\000y\000\040\000a\000n\000d\000\040\000P\000r\000o\000j\000e\000c\000t\000\040\000M\000i\000l\000e\000s\000t\000o\000n\000e\000s}{subsection.2.5}% 27
\BOOKMARK [2][-]{section*.1}{\376\377\0003\000.\0004\000\040\000R\000e\000q\000u\000i\000r\000e\000m\000e\000n\000t\000s\000\040\000A\000n\000a\000l\000y\000s\000i\000s\000\040\000a\000n\000d\000\040\000S\000y\000s\000t\000e\000m\000\040\000D\000e\000s\000i\000g\000n}{subsection.2.5}% 28
\BOOKMARK [1][-]{section.3}{\376\377\000R\000e\000q\000u\000i\000r\000e\000m\000e\000n\000t\000s\000\040\000A\000n\000a\000l\000y\000s\000i\000s}{}% 29
\BOOKMARK [2][-]{subsection.3.1}{\376\377\000R\000e\000q\000u\000i\000r\000e\000m\000e\000n\000t\000s\000\040\000G\000a\000t\000h\000e\000r\000i\000n\000g\000\040\000P\000r\000o\000c\000e\000s\000s}{section.3}% 30
\BOOKMARK [2][-]{subsection.3.2}{\376\377\000T\000e\000c\000h\000n\000i\000c\000a\000l\000\040\000A\000r\000c\000h\000i\000t\000e\000c\000t\000u\000r\000e\000\040\000R\000e\000q\000u\000i\000r\000e\000m\000e\000n\000t\000s}{section.3}% 31
\BOOKMARK [3][-]{subsubsection.3.2.1}{\376\377\000G\000r\000e\000e\000n\000s\000t\000o\000n\000e\000\040\000P\000l\000a\000t\000f\000o\000r\000m\000\040\000I\000n\000t\000e\000g\000r\000a\000t\000i\000o\000n}{subsection.3.2}% 32
\BOOKMARK [3][-]{subsubsection.3.2.2}{\376\377\000C\000o\000m\000m\000u\000n\000i\000t\000y\000\040\000T\000e\000c\000h\000n\000i\000c\000a\000l\000\040\000S\000u\000s\000t\000a\000i\000n\000a\000b\000i\000l\000i\000t\000y}{subsection.3.2}% 33
\BOOKMARK [2][-]{subsection.3.3}{\376\377\000D\000a\000t\000a\000\040\000S\000o\000v\000e\000r\000e\000i\000g\000n\000t\000y\000\040\000R\000e\000q\000u\000i\000r\000e\000m\000e\000n\000t\000s}{section.3}% 34
\BOOKMARK [3][-]{subsubsection.3.3.1}{\376\377\000C\000o\000m\000m\000u\000n\000i\000t\000y\000\040\000D\000a\000t\000a\000\040\000C\000o\000n\000t\000r\000o\000l}{subsection.3.3}% 35
\BOOKMARK [2][-]{subsection.3.4}{\376\377\000E\000n\000v\000i\000r\000o\000n\000m\000e\000n\000t\000a\000l\000\040\000D\000a\000t\000a\000\040\000I\000n\000t\000e\000g\000r\000a\000t\000i\000o\000n\000\040\000R\000e\000q\000u\000i\000r\000e\000m\000e\000n\000t\000s}{section.3}% 36
\BOOKMARK [3][-]{subsubsection.3.4.1}{\376\377\000R\000e\000g\000i\000o\000n\000a\000l\000\040\000C\000o\000u\000n\000c\000i\000l\000\040\000D\000a\000t\000a\000\040\000I\000n\000t\000e\000g\000r\000a\000t\000i\000o\000n}{subsection.3.4}% 37
\BOOKMARK [2][-]{subsection.3.5}{\376\377\000F\000u\000n\000c\000t\000i\000o\000n\000a\000l\000\040\000R\000e\000q\000u\000i\000r\000e\000m\000e\000n\000t\000s}{section.3}% 38
\BOOKMARK [3][-]{subsubsection.3.5.1}{\376\377\000C\000o\000r\000e\000\040\000P\000l\000a\000t\000f\000o\000r\000m\000\040\000F\000u\000n\000c\000t\000i\000o\000n\000a\000l\000i\000t\000y}{subsection.3.5}% 39
\BOOKMARK [3][-]{subsubsection.3.5.2}{\376\377\000C\000o\000n\000t\000e\000n\000t\000\040\000P\000r\000e\000s\000e\000n\000t\000a\000t\000i\000o\000n\000\040\000R\000e\000q\000u\000i\000r\000e\000m\000e\000n\000t\000s}{subsection.3.5}% 40
\BOOKMARK [3][-]{subsubsection.3.5.3}{\376\377\000D\000a\000t\000a\000\040\000M\000a\000n\000a\000g\000e\000m\000e\000n\000t\000\040\000R\000e\000q\000u\000i\000r\000e\000m\000e\000n\000t\000s}{subsection.3.5}% 41
\BOOKMARK [2][-]{subsection.3.6}{\376\377\000N\000o\000n\000-\000F\000u\000n\000c\000t\000i\000o\000n\000a\000l\000\040\000R\000e\000q\000u\000i\000r\000e\000m\000e\000n\000t\000s}{section.3}% 42
\BOOKMARK [3][-]{subsubsection.3.6.1}{\376\377\000P\000e\000r\000f\000o\000r\000m\000a\000n\000c\000e\000\040\000R\000e\000q\000u\000i\000r\000e\000m\000e\000n\000t\000s}{subsection.3.6}% 43
\BOOKMARK [3][-]{subsubsection.3.6.2}{\376\377\000C\000o\000m\000p\000a\000t\000i\000b\000i\000l\000i\000t\000y\000\040\000R\000e\000q\000u\000i\000r\000e\000m\000e\000n\000t\000s}{subsection.3.6}% 44
\BOOKMARK [3][-]{subsubsection.3.6.3}{\376\377\000S\000e\000c\000u\000r\000i\000t\000y\000\040\000a\000n\000d\000\040\000P\000r\000i\000v\000a\000c\000y\000\040\000R\000e\000q\000u\000i\000r\000e\000m\000e\000n\000t\000s}{subsection.3.6}% 45
\BOOKMARK [2][-]{subsection.3.7}{\376\377\000C\000u\000l\000t\000u\000r\000a\000l\000\040\000R\000e\000q\000u\000i\000r\000e\000m\000e\000n\000t\000s}{section.3}% 46
\BOOKMARK [3][-]{subsubsection.3.7.1}{\376\377\000C\000u\000l\000t\000u\000r\000a\000l\000\040\000A\000u\000t\000h\000e\000n\000t\000i\000c\000i\000t\000y\000\040\000a\000n\000d\000\040\000P\000r\000o\000t\000o\000c\000o\000l\000\040\000R\000e\000q\000u\000i\000r\000e\000m\000e\000n\000t\000s}{subsection.3.7}% 47
\BOOKMARK [3][-]{subsubsection.3.7.2}{\376\377\000C\000u\000l\000t\000u\000r\000a\000l\000\040\000P\000r\000e\000s\000e\000r\000v\000a\000t\000i\000o\000n\000\040\000a\000n\000d\000\040\000T\000r\000a\000n\000s\000m\000i\000s\000s\000i\000o\000n\000\040\000R\000e\000q\000u\000i\000r\000e\000m\000e\000n\000t\000s}{subsection.3.7}% 48
\BOOKMARK [2][-]{subsection.3.8}{\376\377\000A\000c\000c\000e\000s\000s\000i\000b\000i\000l\000i\000t\000y\000\040\000R\000e\000q\000u\000i\000r\000e\000m\000e\000n\000t\000s}{section.3}% 49
\BOOKMARK [3][-]{subsubsection.3.8.1}{\376\377\000C\000u\000l\000t\000u\000r\000a\000l\000\040\000a\000n\000d\000\040\000U\000n\000i\000v\000e\000r\000s\000a\000l\000\040\000D\000e\000s\000i\000g\000n\000\040\000R\000e\000q\000u\000i\000r\000e\000m\000e\000n\000t\000s}{subsection.3.8}% 50
\BOOKMARK [3][-]{subsubsection.3.8.2}{\376\377\000C\000o\000m\000m\000u\000n\000i\000t\000y\000\040\000I\000n\000c\000l\000u\000s\000i\000v\000e\000\040\000D\000e\000s\000i\000g\000n\000\040\000R\000e\000q\000u\000i\000r\000e\000m\000e\000n\000t\000s}{subsection.3.8}% 51
\BOOKMARK [2][-]{subsection.3.9}{\376\377\000U\000s\000e\000r\000\040\000S\000t\000o\000r\000y\000\040\000A\000n\000a\000l\000y\000s\000i\000s}{section.3}% 52
\BOOKMARK [3][-]{subsubsection.3.9.1}{\376\377\000P\000r\000i\000m\000a\000r\000y\000\040\000C\000o\000m\000m\000u\000n\000i\000t\000y\000\040\000U\000s\000e\000r\000\040\000S\000t\000o\000r\000i\000e\000s}{subsection.3.9}% 53
\BOOKMARK [3][-]{subsubsection.3.9.2}{\376\377\000I\000n\000t\000e\000r\000g\000e\000n\000e\000r\000a\000t\000i\000o\000n\000a\000l\000\040\000U\000s\000e\000r\000\040\000S\000t\000o\000r\000i\000e\000s}{subsection.3.9}% 54
\BOOKMARK [3][-]{subsubsection.3.9.3}{\376\377\000E\000x\000t\000e\000r\000n\000a\000l\000\040\000U\000s\000e\000r\000\040\000S\000t\000o\000r\000i\000e\000s}{subsection.3.9}% 55
\BOOKMARK [2][-]{subsection.3.10}{\376\377\000R\000e\000q\000u\000i\000r\000e\000m\000e\000n\000t\000s\000\040\000P\000r\000i\000o\000r\000i\000t\000i\000z\000a\000t\000i\000o\000n}{section.3}% 56
\BOOKMARK [3][-]{subsubsection.3.10.1}{\376\377\000M\000u\000s\000t\000\040\000H\000a\000v\000e\000\040\000R\000e\000q\000u\000i\000r\000e\000m\000e\000n\000t\000s}{subsection.3.10}% 57
\BOOKMARK [3][-]{subsubsection.3.10.2}{\376\377\000S\000h\000o\000u\000l\000d\000\040\000H\000a\000v\000e\000\040\000R\000e\000q\000u\000i\000r\000e\000m\000e\000n\000t\000s}{subsection.3.10}% 58
\BOOKMARK [3][-]{subsubsection.3.10.3}{\376\377\000C\000o\000u\000l\000d\000\040\000H\000a\000v\000e\000\040\000R\000e\000q\000u\000i\000r\000e\000m\000e\000n\000t\000s}{subsection.3.10}% 59
\BOOKMARK [3][-]{subsubsection.3.10.4}{\376\377\000W\000o\000n\000'\000t\000\040\000H\000a\000v\000e\000\040\000R\000e\000q\000u\000i\000r\000e\000m\000e\000n\000t\000s\000\040\000\050\000T\000h\000i\000s\000\040\000P\000h\000a\000s\000e\000\051}{subsection.3.10}% 60
\BOOKMARK [2][-]{subsection.3.11}{\376\377\000R\000e\000q\000u\000i\000r\000e\000m\000e\000n\000t\000s\000\040\000V\000a\000l\000i\000d\000a\000t\000i\000o\000n}{section.3}% 61
\BOOKMARK [3][-]{subsubsection.3.11.1}{\376\377\000C\000u\000l\000t\000u\000r\000a\000l\000\040\000A\000u\000t\000h\000o\000r\000i\000t\000y\000\040\000V\000a\000l\000i\000d\000a\000t\000i\000o\000n\000\040\000P\000r\000o\000c\000e\000s\000s}{subsection.3.11}% 62
\BOOKMARK [3][-]{subsubsection.3.11.2}{\376\377\000C\000o\000m\000m\000u\000n\000i\000t\000y\000\040\000S\000t\000a\000k\000e\000h\000o\000l\000d\000e\000r\000\040\000R\000e\000v\000i\000e\000w\000\040\000P\000r\000o\000c\000e\000s\000s}{subsection.3.11}% 63
\BOOKMARK [3][-]{subsubsection.3.11.3}{\376\377\000T\000e\000c\000h\000n\000i\000c\000a\000l\000\040\000F\000e\000a\000s\000i\000b\000i\000l\000i\000t\000y\000\040\000A\000s\000s\000e\000s\000s\000m\000e\000n\000t}{subsection.3.11}% 64
\BOOKMARK [3][-]{subsubsection.3.11.4}{\376\377\000A\000c\000a\000d\000e\000m\000i\000c\000\040\000S\000u\000p\000e\000r\000v\000i\000s\000i\000o\000n\000\040\000V\000a\000l\000i\000d\000a\000t\000i\000o\000n}{subsection.3.11}% 65
\BOOKMARK [1][-]{subsubsection.3.11.4}{\376\377\000S\000E\000C\000T\000I\000O\000N\000\040\0004\000:\000\040\000P\000R\000O\000J\000E\000C\000T\000\040\000E\000X\000E\000C\000U\000T\000I\000O\000N\000\040\000A\000N\000D\000\040\000R\000E\000S\000U\000L\000T\000S}{}% 66
\BOOKMARK [2][-]{section*.3}{\376\377\0004\000.\0001\000\040\000T\000e\000c\000h\000n\000i\000c\000a\000l\000\040\000I\000m\000p\000l\000e\000m\000e\000n\000t\000a\000t\000i\000o\000n\000\040\000a\000n\000d\000\040\000E\000x\000e\000c\000u\000t\000i\000o\000n}{subsubsection.3.11.4}% 67
\BOOKMARK [2][-]{section*.3}{\376\377\0004\000.\0002\000\040\000P\000r\000o\000t\000o\000t\000y\000p\000e\000\040\000D\000e\000v\000e\000l\000o\000p\000m\000e\000n\000t\000\040\000a\000n\000d\000\040\000F\000e\000a\000t\000u\000r\000e\000s}{subsubsection.3.11.4}% 68
\BOOKMARK [2][-]{section*.3}{\376\377\0004\000.\0003\000\040\000U\000s\000e\000r\000\040\000E\000x\000p\000e\000r\000i\000e\000n\000c\000e\000\040\000a\000n\000d\000\040\000C\000u\000l\000t\000u\000r\000a\000l\000\040\000I\000n\000t\000e\000g\000r\000a\000t\000i\000o\000n}{subsubsection.3.11.4}% 69
\BOOKMARK [2][-]{section*.3}{\376\377\0004\000.\0004\000\040\000A\000c\000c\000e\000s\000s\000i\000b\000i\000l\000i\000t\000y\000\040\000I\000m\000p\000l\000e\000m\000e\000n\000t\000a\000t\000i\000o\000n\000\040\000a\000n\000d\000\040\000T\000e\000s\000t\000i\000n\000g}{subsubsection.3.11.4}% 70
\BOOKMARK [2][-]{section*.3}{\376\377\0004\000.\0005\000\040\000E\000v\000a\000l\000u\000a\000t\000i\000o\000n\000\040\000a\000n\000d\000\040\000V\000a\000l\000i\000d\000a\000t\000i\000o\000n\000\040\000R\000e\000s\000u\000l\000t\000s}{subsubsection.3.11.4}% 71
\BOOKMARK [1][-]{section*.3}{\376\377\000S\000E\000C\000T\000I\000O\000N\000\040\0005\000:\000\040\000C\000R\000I\000T\000I\000C\000A\000L\000\040\000R\000E\000F\000L\000E\000C\000T\000I\000O\000N\000\040\000A\000N\000D\000\040\000P\000R\000O\000F\000E\000S\000S\000I\000O\000N\000A\000L\000\040\000D\000E\000V\000E\000L\000O\000P\000M\000E\000N\000T}{}% 72
\BOOKMARK [2][-]{section*.4}{\376\377\0005\000.\0001\000\040\000L\000e\000s\000s\000o\000n\000s\000\040\000L\000e\000a\000r\000n\000e\000d\000\040\000a\000n\000d\000\040\000K\000n\000o\000w\000l\000e\000d\000g\000e\000\040\000A\000p\000p\000l\000i\000c\000a\000t\000i\000o\000n}{section*.3}% 73
\BOOKMARK [2][-]{section*.4}{\376\377\0005\000.\0002\000\040\000C\000h\000a\000l\000l\000e\000n\000g\000e\000s\000,\000\040\000S\000o\000l\000u\000t\000i\000o\000n\000s\000,\000\040\000a\000n\000d\000\040\000P\000r\000o\000f\000e\000s\000s\000i\000o\000n\000a\000l\000\040\000G\000r\000o\000w\000t\000h}{section*.3}% 74
\BOOKMARK [2][-]{section*.4}{\376\377\0005\000.\0003\000\040\000F\000u\000t\000u\000r\000e\000\040\000W\000o\000r\000k\000\040\000a\000n\000d\000\040\000C\000o\000n\000t\000i\000n\000u\000o\000u\000s\000\040\000L\000e\000a\000r\000n\000i\000n\000g}{section*.3}% 75
\BOOKMARK [1][-]{section*.4}{\376\377\000P\000R\000O\000J\000E\000C\000T\000\040\000C\000O\000N\000C\000L\000U\000S\000I\000O\000N}{}% 76
\BOOKMARK [1][-]{section*.4}{\376\377\000R\000E\000F\000E\000R\000E\000N\000C\000E\000S}{}% 77
\BOOKMARK [1][-]{section*.4}{\376\377\000A\000P\000P\000E\000N\000D\000I\000C\000E\000S}{}% 78
\BOOKMARK [1][-]{appendix.A}{\376\377\000D\000e\000s\000i\000g\000n\000\040\000E\000v\000o\000l\000u\000t\000i\000o\000n\000\040\000a\000n\000d\000\040\000W\000i\000r\000e\000f\000r\000a\000m\000e\000s}{}% 79
\BOOKMARK [1][-]{appendix.B}{\376\377\000S\000t\000a\000k\000e\000h\000o\000l\000d\000e\000r\000\040\000F\000e\000e\000d\000b\000a\000c\000k\000\040\000a\000n\000d\000\040\000C\000o\000m\000m\000u\000n\000i\000t\000y\000\040\000C\000o\000n\000s\000u\000l\000t\000a\000t\000i\000o\000n}{}% 80
\BOOKMARK [1][-]{appendix.C}{\376\377\000T\000e\000c\000h\000n\000i\000c\000a\000l\000\040\000S\000p\000e\000c\000i\000f\000i\000c\000a\000t\000i\000o\000n\000s\000\040\000a\000n\000d\000\040\000C\000o\000d\000e\000\040\000D\000o\000c\000u\000m\000e\000n\000t\000a\000t\000i\000o\000n}{}% 81
\BOOKMARK [1][-]{appendix.D}{\376\377\000T\000e\000s\000t\000i\000n\000g\000\040\000R\000e\000s\000u\000l\000t\000s\000\040\000a\000n\000d\000\040\000P\000e\000r\000f\000o\000r\000m\000a\000n\000c\000e\000\040\000M\000e\000t\000r\000i\000c\000s}{}% 82
\BOOKMARK [1][-]{appendix.E}{\376\377\000C\000u\000l\000t\000u\000r\000a\000l\000\040\000P\000r\000o\000t\000o\000c\000o\000l\000\040\000D\000o\000c\000u\000m\000e\000n\000t\000a\000t\000i\000o\000n}{}% 83
